C51 COMPILER V9.00   INIC                                                                  06/02/2019 21:17:26 PAGE 1   


C51 COMPILER V9.00, COMPILATION OF MODULE INIC
OBJECT MODULE PLACED IN Inic.OBJ
COMPILER INVOKED BY: C:\Keil_v5\C51\BIN\C51.EXE Inic.c BROWSE DEBUG OBJECTEXTEND

line level    source

   1          void IO_Init(void)                 //   初识化8个LED灯
   2          {       P2M1 = 0x00;       //   设置：P2推挽
*** ERROR C202 IN LINE 2 OF INIC.C: 'P2M1': undefined identifier
   3   1              P2M0 = 0xff;               
*** ERROR C202 IN LINE 3 OF INIC.C: 'P2M0': undefined identifier
   4   1              P0M1 = 0x00;       //   设置：P0推挽   
*** ERROR C202 IN LINE 4 OF INIC.C: 'P0M1': undefined identifier
   5   1              P0M0 = 0xff;
*** ERROR C202 IN LINE 5 OF INIC.C: 'P0M0': undefined identifier
   6   1      }
   7          
   8          void Timer0_Init(void)  //1000微秒@11.0592MHz
   9          {       AUXR |= 0x80;           //定时器时钟1T模式
*** ERROR C202 IN LINE 9 OF INIC.C: 'AUXR': undefined identifier
  10   1              TMOD &= 0xF0;           //设置定时器模式
*** ERROR C202 IN LINE 10 OF INIC.C: 'TMOD': undefined identifier
  11   1              TL0 = 0xCD;             //设置定时初值
*** ERROR C202 IN LINE 11 OF INIC.C: 'TL0': undefined identifier
  12   1              TH0 = 0xD4;             //设置定时初值
*** ERROR C202 IN LINE 12 OF INIC.C: 'TH0': undefined identifier
  13   1              TF0 = 0;                //清除TF0标志
*** ERROR C202 IN LINE 13 OF INIC.C: 'TF0': undefined identifier
  14   1              TR0 = 1;                //定时器0开始计时       
*** ERROR C202 IN LINE 14 OF INIC.C: 'TR0': undefined identifier
  15   1              ET0=1;          //开启定时器0中断
*** ERROR C202 IN LINE 15 OF INIC.C: 'ET0': undefined identifier
  16   1      }
  17          
  18          void Uart1_Init(void)   //115200bps@11.0592MHz
  19          {       SCON = 0x50;            //8位数据,可变波特率
*** ERROR C202 IN LINE 19 OF INIC.C: 'SCON': undefined identifier
  20   1              AUXR |= 0x40;           //定时器1时钟为Fosc,即1T
*** ERROR C202 IN LINE 20 OF INIC.C: 'AUXR': undefined identifier
  21   1              AUXR &= 0xFE;           //串口1选择定时器1为波特率发生器
*** ERROR C202 IN LINE 21 OF INIC.C: 'AUXR': undefined identifier
  22   1              TMOD &= 0x0F;           //设定定时器1为16位自动重装方式
*** ERROR C202 IN LINE 22 OF INIC.C: 'TMOD': undefined identifier
  23   1              TL1 = 0xE8;                 //设定定时初值
*** ERROR C202 IN LINE 23 OF INIC.C: 'TL1': undefined identifier
  24   1              TH1 = 0xFF;                 //设定定时初值
*** ERROR C202 IN LINE 24 OF INIC.C: 'TH1': undefined identifier
  25   1              ET1 = 0;                    //禁止定时器1中断
*** ERROR C202 IN LINE 25 OF INIC.C: 'ET1': undefined identifier
  26   1              TR1 = 1;                    //启动定时器1
*** ERROR C202 IN LINE 26 OF INIC.C: 'TR1': undefined identifier
  27   1              ES=1;               //开启串口0中断
*** ERROR C202 IN LINE 27 OF INIC.C: 'ES': undefined identifier
  28   1      }
  29          
  30          void Uart2_Init(void)           //9600bps@11.0592MHz    
  31          {       S2CON = 0x50;           //8位数据,可变波特率
*** ERROR C202 IN LINE 31 OF INIC.C: 'S2CON': undefined identifier
  32   1              AUXR |= 0x04;           //定时器2时钟为Fosc,即1T
*** ERROR C202 IN LINE 32 OF INIC.C: 'AUXR': undefined identifier
  33   1              T2L = 0xE0;                 //设定定时初值
C51 COMPILER V9.00   INIC                                                                  06/02/2019 21:17:26 PAGE 2   

*** ERROR C202 IN LINE 33 OF INIC.C: 'T2L': undefined identifier
  34   1              T2H = 0xFE;                 //设定定时初值
*** ERROR C202 IN LINE 34 OF INIC.C: 'T2H': undefined identifier
  35   1              AUXR |= 0x10;           //启动定时器2
*** ERROR C202 IN LINE 35 OF INIC.C: 'AUXR': undefined identifier
  36   1              P_SW2 |= 0x01 ;     //切换串口2的管脚到P4.6,P4.7
*** ERROR C202 IN LINE 36 OF INIC.C: 'P_SW2': undefined identifier
  37   1              TR485=0;                        //置接收状态
*** ERROR C202 IN LINE 37 OF INIC.C: 'TR485': undefined identifier
  38   1              IE2 |=0x01;         //使能串口2中断
*** ERROR C202 IN LINE 38 OF INIC.C: 'IE2': undefined identifier
  39   1      }
  40          
  41          void IE_Init(void)
  42          {       
  43   1              EA=1;           
*** ERROR C202 IN LINE 43 OF INIC.C: 'EA': undefined identifier
  44   1      }

C51 COMPILATION COMPLETE.  0 WARNING(S),  29 ERROR(S)
